<?xml version="1.0" encoding="UTF-8"?>
<!-- Generated by org.testng.reporters.JUnitReportReporter -->
<testsuite hostname="Sumukha-Laptop" failures="0" tests="1" name="PracticeE2E.testClasses.Test1" time="2.577" errors="0" timestamp="2023-01-12T10:02:40 IST" skipped="0">
  <testcase classname="PracticeE2E.testClasses.Test1" name="login" time="2.577"/>
  <system-out/>
</testsuite> <!-- PracticeE2E.testClasses.Test1 -->
