<?xml version="1.0" encoding="UTF-8"?>
<!-- Generated by org.testng.reporters.JUnitReportReporter -->
<testsuite hostname="Sumukha-Laptop" failures="0" tests="2" name="PracticeE2E.testClasses.Test1" time="7.973" errors="0" timestamp="2023-01-12T23:44:29 IST" skipped="0">
  <testcase classname="PracticeE2E.testClasses.Test1" name="login" time="4.038"/>
  <system-out/>
  <testcase classname="PracticeE2E.testClasses.Test1" name="supportClick" time="3.935"/>
  <system-out/>
</testsuite> <!-- PracticeE2E.testClasses.Test1 -->
